0 info it worked if it ends with ok
1 verbose cli [ '/usr/bin/nodejs', '/usr/bin/npm', 'run', 'start' ]
2 info using npm@3.10.10
3 info using node@v6.11.0
4 verbose run-script [ 'prestart', 'start', 'poststart' ]
5 info lifecycle iurest@~prestart: iurest@
6 silly lifecycle iurest@~prestart: no script for prestart, continuing
7 info lifecycle iurest@~start: iurest@
8 verbose lifecycle iurest@~start: unsafe-perm in lifecycle true
9 verbose lifecycle iurest@~start: PATH: /usr/lib/node_modules/npm/bin/node-gyp-bin:/home/leonardo/repo-git-priv/QMO/qmo_web/node_modules/.bin:/usr/local/sbin:/usr/local/bin:/usr/sbin:/usr/bin:/sbin:/bin:/usr/games:/usr/local/games:/snap/bin:/home/leonardo/android-sdk-linux/tools:/home/leonardo/android-sdk-linux/platform-tools
10 verbose lifecycle iurest@~start: CWD: /home/leonardo/repo-git-priv/QMO/qmo_web
11 silly lifecycle iurest@~start: Args: [ '-c', 'meteor --settings settings.json' ]
12 silly lifecycle iurest@~start: Returned: code: 254  signal: null
13 info lifecycle iurest@~start: Failed to exec start script
14 verbose stack Error: iurest@ start: `meteor --settings settings.json`
14 verbose stack Exit status 254
14 verbose stack     at EventEmitter.<anonymous> (/usr/lib/node_modules/npm/lib/utils/lifecycle.js:255:16)
14 verbose stack     at emitTwo (events.js:106:13)
14 verbose stack     at EventEmitter.emit (events.js:191:7)
14 verbose stack     at ChildProcess.<anonymous> (/usr/lib/node_modules/npm/lib/utils/spawn.js:40:14)
14 verbose stack     at emitTwo (events.js:106:13)
14 verbose stack     at ChildProcess.emit (events.js:191:7)
14 verbose stack     at maybeClose (internal/child_process.js:891:16)
14 verbose stack     at Process.ChildProcess._handle.onexit (internal/child_process.js:226:5)
15 verbose pkgid iurest@
16 verbose cwd /home/leonardo/repo-git-priv/QMO/qmo_web
17 error Linux 4.4.0-87-generic
18 error argv "/usr/bin/nodejs" "/usr/bin/npm" "run" "start"
19 error node v6.11.0
20 error npm  v3.10.10
21 error code ELIFECYCLE
22 error iurest@ start: `meteor --settings settings.json`
22 error Exit status 254
23 error Failed at the iurest@ start script 'meteor --settings settings.json'.
23 error Make sure you have the latest version of node.js and npm installed.
23 error If you do, this is most likely a problem with the iurest package,
23 error not with npm itself.
23 error Tell the author that this fails on your system:
23 error     meteor --settings settings.json
23 error You can get information on how to open an issue for this project with:
23 error     npm bugs iurest
23 error Or if that isn't available, you can get their info via:
23 error     npm owner ls iurest
23 error There is likely additional logging output above.
24 verbose exit [ 1, true ]
