0 info it worked if it ends with ok
1 verbose cli [ '/usr/bin/nodejs', '/usr/bin/npm', 'run', 'build' ]
2 info using npm@3.10.10
3 info using node@v6.11.2
4 verbose run-script [ 'prebuild', 'build', 'postbuild' ]
5 info lifecycle angular-meteor@1.0.0~prebuild: angular-meteor@1.0.0
6 verbose lifecycle angular-meteor@1.0.0~prebuild: unsafe-perm in lifecycle true
7 verbose lifecycle angular-meteor@1.0.0~prebuild: PATH: /usr/lib/node_modules/npm/bin/node-gyp-bin:/home/leonardo/repo-git-priv/QMO/qmo_web/.angular-meteor/angular-meteor/node_modules/.bin:/usr/lib/node_modules/npm/bin/node-gyp-bin:/home/leonardo/repo-git-priv/QMO/qmo_web/.angular-meteor/angular-meteor/node_modules/.bin:/usr/local/sbin:/usr/local/bin:/usr/sbin:/usr/bin:/sbin:/bin:/usr/games:/usr/local/games:/snap/bin:/opt/gradle/gradle-4.1/bin:/home/leonardo/android-sdk-linux/tools:/home/leonardo/android-sdk-linux/platform-tools
8 verbose lifecycle angular-meteor@1.0.0~prebuild: CWD: /home/leonardo/repo-git-priv/QMO/qmo_web/.angular-meteor/angular-meteor
9 silly lifecycle angular-meteor@1.0.0~prebuild: Args: [ '-c', 'npm run lint' ]
10 silly lifecycle angular-meteor@1.0.0~prebuild: Returned: code: 1  signal: null
11 info lifecycle angular-meteor@1.0.0~prebuild: Failed to exec prebuild script
12 verbose stack Error: angular-meteor@1.0.0 prebuild: `npm run lint`
12 verbose stack Exit status 1
12 verbose stack     at EventEmitter.<anonymous> (/usr/lib/node_modules/npm/lib/utils/lifecycle.js:255:16)
12 verbose stack     at emitTwo (events.js:106:13)
12 verbose stack     at EventEmitter.emit (events.js:191:7)
12 verbose stack     at ChildProcess.<anonymous> (/usr/lib/node_modules/npm/lib/utils/spawn.js:40:14)
12 verbose stack     at emitTwo (events.js:106:13)
12 verbose stack     at ChildProcess.emit (events.js:191:7)
12 verbose stack     at maybeClose (internal/child_process.js:891:16)
12 verbose stack     at Process.ChildProcess._handle.onexit (internal/child_process.js:226:5)
13 verbose pkgid angular-meteor@1.0.0
14 verbose cwd /home/leonardo/repo-git-priv/QMO/qmo_web/.angular-meteor/angular-meteor
15 error Linux 4.4.0-89-generic
16 error argv "/usr/bin/nodejs" "/usr/bin/npm" "run" "build"
17 error node v6.11.2
18 error npm  v3.10.10
19 error code ELIFECYCLE
20 error angular-meteor@1.0.0 prebuild: `npm run lint`
20 error Exit status 1
21 error Failed at the angular-meteor@1.0.0 prebuild script 'npm run lint'.
21 error Make sure you have the latest version of node.js and npm installed.
21 error If you do, this is most likely a problem with the angular-meteor package,
21 error not with npm itself.
21 error Tell the author that this fails on your system:
21 error     npm run lint
21 error You can get information on how to open an issue for this project with:
21 error     npm bugs angular-meteor
21 error Or if that isn't available, you can get their info via:
21 error     npm owner ls angular-meteor
21 error There is likely additional logging output above.
22 verbose exit [ 1, true ]
